Unity Editor version:    2020.3.47f1 (5ef4f5b5e2d4)
Branch:                  2020.3/staging
Build type:              Release
Batch mode:              YES
macOS version:           Version 13.2 (Build 22D49)
Darwin version:          22.3.0
Architecture:            x86_64
Running under Rosetta:   NO
Available memory:        8192 MB
Using pre-set license
Pro License: NO

COMMAND LINE ARGUMENTS:
/Users/sofia/Documents/2020.3.47f1/Unity.app/Contents/MacOS/Unity
-adb2
-batchMode
-noUpm
-name
AssetImportWorker0
-projectPath
/Users/sofia/Desktop/quest-burbujas/burbujitas
-logFile
Logs/AssetImportWorker0.log
-srvPort
50255
Successfully changed project path to: /Users/sofia/Desktop/quest-burbujas/burbujitas
/Users/sofia/Desktop/quest-burbujas/burbujitas
Using Asset Import Pipeline V2.
Player connection [140704600725056] Host "[IP] 157.253.228.128 [Port] 0 [Flags] 2 [Guid] 2982236709 [EditorId] 2982236709 [Version] 1048832 [Id] OSXEditor(0,Cocoliso.local) [Debug] 1 [PackageName] OSXEditor [ProjectName] Editor" joined multi-casting on [225.0.0.222:54997]...

Player connection [140704600725056] Host "[IP] 157.253.228.128 [Port] 0 [Flags] 2 [Guid] 2982236709 [EditorId] 2982236709 [Version] 1048832 [Id] OSXEditor(0,Cocoliso.local) [Debug] 1 [PackageName] OSXEditor [ProjectName] Editor" joined alternative multi-casting on [225.0.0.222:34997]...

Refreshing native plugins compatible for Editor in 117.44 ms, found 5 plugins.
Preloading 1 native plugins for Editor in 157.73 ms.
Initialize engine version: 2020.3.47f1 (5ef4f5b5e2d4)
[Subsystems] Discovering subsystems at path /Users/sofia/Documents/2020.3.47f1/Unity.app/Contents/Resources/UnitySubsystems
[Subsystems] Discovering subsystems at path /Users/sofia/Desktop/quest-burbujas/burbujitas/Assets
GfxDevice: creating device client; threaded=0
2023-04-18 09:36:52.785 Unity[34506:762976] Color LCD preferred device: Intel(R) Iris(TM) Plus Graphics (low power)
2023-04-18 09:36:52.785 Unity[34506:762976] Metal devices available: 1
2023-04-18 09:36:52.785 Unity[34506:762976] 0: Intel(R) Iris(TM) Plus Graphics (low power)
2023-04-18 09:36:52.786 Unity[34506:762976] Using device Intel(R) Iris(TM) Plus Graphics (low power)
Initializing Metal device caps: Intel(R) Iris(TM) Plus Graphics
Shader 'Oculus/OVRMRCameraFrameLit': fallback shader 'Alpha-Diffuse' not found
Initialize mono
Mono path[0] = '/Users/sofia/Documents/2020.3.47f1/Unity.app/Contents/Managed'
Mono path[1] = '/Users/sofia/Documents/2020.3.47f1/Unity.app/Contents/MonoBleedingEdge/lib/mono/unityjit'
Mono config path = '/Users/sofia/Documents/2020.3.47f1/Unity.app/Contents/MonoBleedingEdge/etc'
Using monoOptions --debugger-agent=transport=dt_socket,embedding=1,server=y,suspend=n,address=127.0.0.1:56506
Begin MonoManager ReloadAssembly
Registering precompiled unity dll's ...
Register platform support module: /Users/sofia/Documents/2020.3.47f1/Unity.app/Contents/PlaybackEngines/MacStandaloneSupport/UnityEditor.OSXStandalone.Extensions.dll
Register platform support module: /Users/sofia/Documents/2020.3.47f1/PlaybackEngines/WindowsStandaloneSupport/UnityEditor.WindowsStandalone.Extensions.dll
Registered in 0.003913 seconds.
Native extension for WindowsStandalone target not found
Native extension for OSXStandalone target not found
Refreshing native plugins compatible for Editor in 102.40 ms, found 5 plugins.
Preloading 1 native plugins for Editor in 0.63 ms.
Mono: successfully reloaded assembly
- Completed reload, in  1.009 seconds
Domain Reload Profiling:
	ReloadAssembly (1010ms)
		BeginReloadAssembly (137ms)
			ExecutionOrderSort (0ms)
			DisableScriptedObjects (0ms)
			BackupInstance (0ms)
			ReleaseScriptingObjects (0ms)
			CreateAndSetChildDomain (1ms)
		EndReloadAssembly (769ms)
			LoadAssemblies (139ms)
			RebuildTransferFunctionScriptingTraits (0ms)
			SetupTypeCache (270ms)
			ReleaseScriptCaches (0ms)
			RebuildScriptCaches (44ms)
			SetupLoadedEditorAssemblies (331ms)
				LogAssemblyErrors (0ms)
				InitializePlatformSupportModulesInManaged (9ms)
				SetLoadedEditorAssemblies (0ms)
				RefreshPlugins (103ms)
				BeforeProcessingInitializeOnLoad (41ms)
				ProcessInitializeOnLoadAttributes (140ms)
				ProcessInitializeOnLoadMethodAttributes (38ms)
				AfterProcessingInitializeOnLoad (0ms)
				EditorAssembliesLoaded (0ms)
			ExecutionOrderSort2 (0ms)
			AwakeInstancesAfterBackupRestoration (0ms)
Platform modules already initialized, skipping
Registering precompiled user dll's ...
Registered in 0.006054 seconds.
Begin MonoManager ReloadAssembly
Native extension for WindowsStandalone target not found
Native extension for OSXStandalone target not found
Refreshing native plugins compatible for Editor in 1.39 ms, found 5 plugins.
Preloading 1 native plugins for Editor in 0.87 ms.
Mono: successfully reloaded assembly
- Completed reload, in  1.739 seconds
Domain Reload Profiling:
	ReloadAssembly (1741ms)
		BeginReloadAssembly (187ms)
			ExecutionOrderSort (0ms)
			DisableScriptedObjects (5ms)
			BackupInstance (0ms)
			ReleaseScriptingObjects (0ms)
			CreateAndSetChildDomain (40ms)
		EndReloadAssembly (1473ms)
			LoadAssemblies (207ms)
			RebuildTransferFunctionScriptingTraits (0ms)
			SetupTypeCache (472ms)
			ReleaseScriptCaches (0ms)
			RebuildScriptCaches (110ms)
			SetupLoadedEditorAssemblies (542ms)
				LogAssemblyErrors (0ms)
				InitializePlatformSupportModulesInManaged (7ms)
				SetLoadedEditorAssemblies (1ms)
				RefreshPlugins (2ms)
				BeforeProcessingInitializeOnLoad (117ms)
				ProcessInitializeOnLoadAttributes (399ms)
				ProcessInitializeOnLoadMethodAttributes (14ms)
				AfterProcessingInitializeOnLoad (1ms)
				EditorAssembliesLoaded (0ms)
			ExecutionOrderSort2 (0ms)
			AwakeInstancesAfterBackupRestoration (2ms)
Platform modules already initialized, skipping
Validating Project structure ... 0.050966 seconds.
Shader import version has changed; will reimport all shaders...
Upgrading shader files ...0.135773 seconds.
Application.AssetDatabase Initial Script Refresh Start
RefreshInfo: InitialScriptRefreshV2(NoUpdateAssetOptions) scanfilter:  ... 1 filters
RefreshProfiler: Total: 0.000ms
Application.AssetDatabase Initial Script Refresh End
Application.AssetDatabase.Refresh Start
Application.AssetDatabase.Refresh End
RefreshInfo: StopAssetImportingV2(ForceSynchronousImport) scanfilter: 
RefreshProfiler: Total: 0.000ms
Shader 'Oculus/OVRMRCameraFrameLit': fallback shader 'Alpha-Diffuse' not found
Launching external process: /Users/sofia/Documents/2020.3.47f1/Unity.app/Contents/Tools/UnityShaderCompiler
Launched and connected shader compiler UnityShaderCompiler after 0.02 seconds
Initializing Unity extensions:
2023-04-18 09:37:04.237 Unity[34506:762976] NSEventModifierFlagFunction specified to -setKeyEquivalentModifierMask: for item <NSMenuItem: 0x7fe8bb145860 Font Asset, ke='Command-F12'>, but is only supported for system-provided menu items; will not be used
2023-04-18 09:37:04.245 Unity[34506:762976] NSEventModifierFlagFunction specified to -setKeyEquivalentModifierMask: for item <NSMenuItem: 0x7fe8bb236fa0 Font Asset, ke='Command-F12'>, but is only supported for system-provided menu items; will not be used
========================================================================
Worker process is ready to serve import requests
Shader 'Oculus/OVRMRCameraFrameLit': fallback shader 'Alpha-Diffuse' not found
Refreshing native plugins compatible for Editor in 1.07 ms, found 5 plugins.
Preloading 1 native plugins for Editor in 0.90 ms.
Unloading 2915 Unused Serialized files (Serialized files now loaded: 0)
System memory in use before: 143.0 MB.
System memory in use after: 142.4 MB.

Unloading 663 unused Assets to reduce memory usage. Loaded Objects now: 3364.
Total: 5.534507 ms (FindLiveObjects: 0.380163 ms CreateObjectMapping: 0.153373 ms MarkObjects: 3.641774 ms  DeleteObjects: 1.357776 ms)

AssetImportParameters requested are different than current active one (requested -> active):
  custom:video-decoder-ogg-theora: a1e56fd34408186e4bbccfd4996cb3dc -> 
  custom:container-muxer-webm: aa71ff27fc2769a1b78a27578f13a17b -> 
  custom:container-demuxer-webm: 4f35f7cbe854078d1ac9338744f61a02 -> 
  custom:container-demuxer-ogg: 62fdf1f143b41e24485cea50d1cbac27 -> 
  custom:video-encoder-webm-vp8: eb34c28f22e8b96e1ab97ce403110664 -> 
  custom:framework-osx-AVFoundation: e770b220cccbd017edd2c1fefb359320 -> 
  custom:video-decoder-webm-vp8: 9c59270c3fd7afecdb556c50c9e8de78 -> 
  custom:audio-decoder-ogg-vorbis: bf7c407c2cedff20999df2af8eb42d56 -> 
  custom:audio-encoder-webm-vorbis: bf7c407c2cedff20999df2af8eb42d56 -> 
========================================================================
Received Import Request.
  path: Assets/Oculus/VR/Meshes/MetaQuestTouchPro/MetaQuestTouchPro_Left.fbx
  artifactKey: Guid(2b9768cc0be08784b91b7da60696ba29) Importer(815301076,1909f56bfc062723c751e8b465ee728b)
Start importing Assets/Oculus/VR/Meshes/MetaQuestTouchPro/MetaQuestTouchPro_Left.fbx using Guid(2b9768cc0be08784b91b7da60696ba29) Importer(815301076,1909f56bfc062723c751e8b465ee728b)  -> (artifact id: 'be15daf0d132703dc666423c8fed9bc6') in 2.355365 seconds 
========================================================================
Received Import Request.
  Time since last request: 0.000429 seconds.
  path: Assets/Oculus/SampleFramework/Usage/SpatialAnchor/Textures/OCUI_24_Filled_2x.png
  artifactKey: Guid(7f186a9ac091755489927d745be0185a) Importer(815301076,1909f56bfc062723c751e8b465ee728b)
Start importing Assets/Oculus/SampleFramework/Usage/SpatialAnchor/Textures/OCUI_24_Filled_2x.png using Guid(7f186a9ac091755489927d745be0185a) Importer(815301076,1909f56bfc062723c751e8b465ee728b)  -> (artifact id: 'd98a76a42d5dcc34bd4141eba09be5c6') in 2.703248 seconds 
========================================================================
Received Import Request.
  Time since last request: 0.000806 seconds.
  path: Assets/Oculus/Interaction/Runtime/Prefabs/Debug/ActiveStateDebugTreeNodeHorizontal.prefab
  artifactKey: Guid(bcb4af79d88c4af4a90fb6e19de13e70) Importer(815301076,1909f56bfc062723c751e8b465ee728b)
Start importing Assets/Oculus/Interaction/Runtime/Prefabs/Debug/ActiveStateDebugTreeNodeHorizontal.prefab using Guid(bcb4af79d88c4af4a90fb6e19de13e70) Importer(815301076,1909f56bfc062723c751e8b465ee728b)  -> (artifact id: '7d6c581a46f3c61e9e3c537861a495cc') in 0.237769 seconds 
========================================================================
Received Import Request.
  Time since last request: 0.000328 seconds.
  path: Assets/Oculus/Interaction/Runtime/Prefabs/Debug/ActiveStateDebugTreeNodeVertical.prefab
  artifactKey: Guid(e1bdcfaab96307149a62e5c148b5ced1) Importer(815301076,1909f56bfc062723c751e8b465ee728b)
Start importing Assets/Oculus/Interaction/Runtime/Prefabs/Debug/ActiveStateDebugTreeNodeVertical.prefab using Guid(e1bdcfaab96307149a62e5c148b5ced1) Importer(815301076,1909f56bfc062723c751e8b465ee728b)  -> (artifact id: 'fe2042a3b17c2d0309c4e2263ec788fb') in 0.008540 seconds 
========================================================================
Received Import Request.
  Time since last request: 0.000390 seconds.
  path: Assets/Oculus/SampleFramework/Usage/DistanceGrab/Prefabs/OutlineItems/DistanceGrabOculusWaterBottlePf.prefab
  artifactKey: Guid(269666423cfb5994c9d52e58a9ee03d5) Importer(815301076,1909f56bfc062723c751e8b465ee728b)
Start importing Assets/Oculus/SampleFramework/Usage/DistanceGrab/Prefabs/OutlineItems/DistanceGrabOculusWaterBottlePf.prefab using Guid(269666423cfb5994c9d52e58a9ee03d5) Importer(815301076,1909f56bfc062723c751e8b465ee728b)  -> (artifact id: 'ea4b8e8270066f8f4b1de35c186b37cf') in 0.334477 seconds 
========================================================================
Received Import Request.
  Time since last request: 0.000361 seconds.
  path: Assets/Oculus/Interaction/Samples/Textures/OCUIIconSet/OCUI_24_Outline_2x.png
  artifactKey: Guid(4f3b4a4ae58ad484e9fc92ab68a8ffef) Importer(815301076,1909f56bfc062723c751e8b465ee728b)
Start importing Assets/Oculus/Interaction/Samples/Textures/OCUIIconSet/OCUI_24_Outline_2x.png using Guid(4f3b4a4ae58ad484e9fc92ab68a8ffef) Importer(815301076,1909f56bfc062723c751e8b465ee728b)  -> (artifact id: '818f582be779aa28e4345514dd8e7168') in 0.912409 seconds 
========================================================================
Received Import Request.
  Time since last request: 0.000688 seconds.
  path: Assets/Oculus/Interaction/Samples/Textures/OCUIIconSet/OCUI_24_Filled_2x.png
  artifactKey: Guid(64f884351318b694f942625580e64a8b) Importer(815301076,1909f56bfc062723c751e8b465ee728b)
Start importing Assets/Oculus/Interaction/Samples/Textures/OCUIIconSet/OCUI_24_Filled_2x.png using Guid(64f884351318b694f942625580e64a8b) Importer(815301076,1909f56bfc062723c751e8b465ee728b)  -> (artifact id: '9358904f25776b128dc81643324cedea') in 1.102150 seconds 
========================================================================
Received Import Request.
  Time since last request: 0.000398 seconds.
  path: Assets/Oculus/SampleFramework/Usage/SpatialAnchor/Meshs/AnchorModel.fbx
  artifactKey: Guid(80e6035dc653427458a8ff49ad454eee) Importer(815301076,1909f56bfc062723c751e8b465ee728b)
Start importing Assets/Oculus/SampleFramework/Usage/SpatialAnchor/Meshs/AnchorModel.fbx using Guid(80e6035dc653427458a8ff49ad454eee) Importer(815301076,1909f56bfc062723c751e8b465ee728b)  -> (artifact id: '608a1443c382b58ace793c939871ee97') in 0.124248 seconds 
========================================================================
Received Import Request.
  Time since last request: 17.833245 seconds.
  path: Assets/Oculus/Interaction/Samples/Prefabs/OculusInteractionSamplePokeButton.prefab
  artifactKey: Guid(323cb65d2594c79499a11a99ff0fb347) Importer(815301076,1909f56bfc062723c751e8b465ee728b)
Start importing Assets/Oculus/Interaction/Samples/Prefabs/OculusInteractionSamplePokeButton.prefab using Guid(323cb65d2594c79499a11a99ff0fb347) Importer(815301076,1909f56bfc062723c751e8b465ee728b)  -> (artifact id: '4bca9decd37203bf2dc6f192a80f6aa7') in 0.208791 seconds 
========================================================================
Received Import Request.
  Time since last request: 0.000289 seconds.
  path: Assets/Oculus/Interaction/Samples/Prefabs/OculusInteractionSamplesRayCanvas.prefab
  artifactKey: Guid(afb1615dd3b243a449003594175d971a) Importer(815301076,1909f56bfc062723c751e8b465ee728b)
Start importing Assets/Oculus/Interaction/Samples/Prefabs/OculusInteractionSamplesRayCanvas.prefab using Guid(afb1615dd3b243a449003594175d971a) Importer(815301076,1909f56bfc062723c751e8b465ee728b)  -> (artifact id: 'bf18c1cdd82586b78f532dd22ad1c558') in 0.051716 seconds 
========================================================================
Received Import Request.
  Time since last request: 0.000307 seconds.
  path: Assets/Oculus/Interaction/Samples/Prefabs/OVRIntegration/Legacy/OculusInteractionSampleRig.prefab
  artifactKey: Guid(f39a9d103c4129b42a53567f6cd8356a) Importer(815301076,1909f56bfc062723c751e8b465ee728b)
Start importing Assets/Oculus/Interaction/Samples/Prefabs/OVRIntegration/Legacy/OculusInteractionSampleRig.prefab using Guid(f39a9d103c4129b42a53567f6cd8356a) Importer(815301076,1909f56bfc062723c751e8b465ee728b)  -> (artifact id: '416e36100c21c80432eb235cacbd795f') in 1.687336 seconds 
========================================================================
Received Import Request.
  Time since last request: 0.000355 seconds.
  path: Assets/Oculus/Interaction/Samples/Prefabs/OculusInteractionSamplesButtonMenu.prefab
  artifactKey: Guid(9fa307f5b777a3144a94cb355e43bf43) Importer(815301076,1909f56bfc062723c751e8b465ee728b)
Start importing Assets/Oculus/Interaction/Samples/Prefabs/OculusInteractionSamplesButtonMenu.prefab using Guid(9fa307f5b777a3144a94cb355e43bf43) Importer(815301076,1909f56bfc062723c751e8b465ee728b)  -> (artifact id: 'cb739d64b53f5b787b01b9a7ac74fb6d') in 0.102593 seconds 
========================================================================
Received Import Request.
  Time since last request: 2425.203585 seconds.
  path: Assets/Oculus/OculusProjectConfig.asset
  artifactKey: Guid(e94a179a2a4b33e4bbf58c6c97172b5c) Importer(815301076,1909f56bfc062723c751e8b465ee728b)
Start importing Assets/Oculus/OculusProjectConfig.asset using Guid(e94a179a2a4b33e4bbf58c6c97172b5c) Importer(815301076,1909f56bfc062723c751e8b465ee728b)  -> (artifact id: 'f7e3c524d8a4f7c2467bc84f96c40e25') in 0.196914 seconds 
========================================================================
Received Import Request.
  Time since last request: 17.366273 seconds.
  path: Assets/Materiales
  artifactKey: Guid(9244368f0a6734946a92841748c7d1c9) Importer(815301076,1909f56bfc062723c751e8b465ee728b)
Start importing Assets/Materiales using Guid(9244368f0a6734946a92841748c7d1c9) Importer(815301076,1909f56bfc062723c751e8b465ee728b)  -> (artifact id: '65a8b0e28df57242f00ca1733ff2f275') in 0.003413 seconds 
========================================================================
Received Import Request.
  Time since last request: 50.676180 seconds.
  path: Assets/Materiales/New Material.mat
  artifactKey: Guid(a083a0260585a4b8184580d8cd1c97ea) Importer(815301076,1909f56bfc062723c751e8b465ee728b)
Start importing Assets/Materiales/New Material.mat using Guid(a083a0260585a4b8184580d8cd1c97ea) Importer(815301076,1909f56bfc062723c751e8b465ee728b)  -> (artifact id: 'cd1c8c6c3d0b42812e3b6613db9722c4') in 0.205166 seconds 
========================================================================
Received Import Request.
  Time since last request: 13.336869 seconds.
  path: Assets/Materiales/blue.mat
  artifactKey: Guid(a083a0260585a4b8184580d8cd1c97ea) Importer(815301076,1909f56bfc062723c751e8b465ee728b)
Start importing Assets/Materiales/blue.mat using Guid(a083a0260585a4b8184580d8cd1c97ea) Importer(815301076,1909f56bfc062723c751e8b465ee728b)  -> (artifact id: '222d67cb8da41452563ea8c4e5618f78') in 0.016102 seconds 
========================================================================
Received Import Request.
  Time since last request: 68.481750 seconds.
  path: Assets/Materiales/New Material.mat
  artifactKey: Guid(4f258be58f6804d698f59cbbea395f20) Importer(815301076,1909f56bfc062723c751e8b465ee728b)
Start importing Assets/Materiales/New Material.mat using Guid(4f258be58f6804d698f59cbbea395f20) Importer(815301076,1909f56bfc062723c751e8b465ee728b)  -> (artifact id: '57f40f10a9cc377b2dd67cf800ba5714') in 0.017441 seconds 
========================================================================
Received Import Request.
  Time since last request: 6.993830 seconds.
  path: Assets/Materiales/pink.mat
  artifactKey: Guid(4f258be58f6804d698f59cbbea395f20) Importer(815301076,1909f56bfc062723c751e8b465ee728b)
Start importing Assets/Materiales/pink.mat using Guid(4f258be58f6804d698f59cbbea395f20) Importer(815301076,1909f56bfc062723c751e8b465ee728b)  -> (artifact id: 'e16ffb3bb866e120ff2806787bec1d06') in 0.014642 seconds 
========================================================================
Received Import Request.
  Time since last request: 14.882708 seconds.
  path: Assets/Materiales/soft pink.mat
  artifactKey: Guid(4f258be58f6804d698f59cbbea395f20) Importer(815301076,1909f56bfc062723c751e8b465ee728b)
Start importing Assets/Materiales/soft pink.mat using Guid(4f258be58f6804d698f59cbbea395f20) Importer(815301076,1909f56bfc062723c751e8b465ee728b)  -> (artifact id: '5b21970994dc1b541f1f8bed1a448969') in 0.027637 seconds 
========================================================================
Received Import Request.
  Time since last request: 85.894772 seconds.
  path: Assets/Materiales/rot.mat
  artifactKey: Guid(7fadb5266ada241bbbb35470e6eb5111) Importer(815301076,1909f56bfc062723c751e8b465ee728b)
Start importing Assets/Materiales/rot.mat using Guid(7fadb5266ada241bbbb35470e6eb5111) Importer(815301076,1909f56bfc062723c751e8b465ee728b)  -> (artifact id: '4e21a74b59d2b1e4fec4dbbfdf60dce5') in 0.027847 seconds 
========================================================================
Received Import Request.
  Time since last request: 50.474071 seconds.
  path: Assets/Oculus/SampleFramework/Usage/SceneManager/Materials/bouncemat.physicMaterial
  artifactKey: Guid(91ef38658d550474d94738c306f37379) Importer(815301076,1909f56bfc062723c751e8b465ee728b)
Start importing Assets/Oculus/SampleFramework/Usage/SceneManager/Materials/bouncemat.physicMaterial using Guid(91ef38658d550474d94738c306f37379) Importer(815301076,1909f56bfc062723c751e8b465ee728b)  -> (artifact id: 'c13e9c00d9c45f1f56e23afb5d403327') in 0.153419 seconds 
========================================================================
Received Import Request.
  Time since last request: 0.000316 seconds.
  path: Assets/Oculus/SampleFramework/Usage/DistanceGrab/PhysicsMaterials/RubberPhysMat.physicMaterial
  artifactKey: Guid(948611cc428a84b569ad7626e6649205) Importer(815301076,1909f56bfc062723c751e8b465ee728b)
Start importing Assets/Oculus/SampleFramework/Usage/DistanceGrab/PhysicsMaterials/RubberPhysMat.physicMaterial using Guid(948611cc428a84b569ad7626e6649205) Importer(815301076,1909f56bfc062723c751e8b465ee728b)  -> (artifact id: '7e5c7631c5866ed128ba969d2f6f63f6') in 0.006895 seconds 
========================================================================
Received Import Request.
  Time since last request: 0.000297 seconds.
  path: Assets/Oculus/Platform/Samples/VrHoops/Bouncey.physicMaterial
  artifactKey: Guid(b9c664160cb7a724d9777a6ad6222a28) Importer(815301076,1909f56bfc062723c751e8b465ee728b)
Start importing Assets/Oculus/Platform/Samples/VrHoops/Bouncey.physicMaterial using Guid(b9c664160cb7a724d9777a6ad6222a28) Importer(815301076,1909f56bfc062723c751e8b465ee728b)  -> (artifact id: '86084aab30c75a3d67e0521eca3c39a5') in 0.010148 seconds 
========================================================================
Received Import Request.
  Time since last request: 0.005602 seconds.
  path: Assets/Oculus/SampleFramework/Usage/DistanceGrab/PhysicsMaterials/PlasticPhysMat.physicMaterial
  artifactKey: Guid(20b27a2b09cf5470e866c2708f9f9dc8) Importer(815301076,1909f56bfc062723c751e8b465ee728b)
Start importing Assets/Oculus/SampleFramework/Usage/DistanceGrab/PhysicsMaterials/PlasticPhysMat.physicMaterial using Guid(20b27a2b09cf5470e866c2708f9f9dc8) Importer(815301076,1909f56bfc062723c751e8b465ee728b)  -> (artifact id: '3c07e44959b1fc84565c5e8c06b8e1f9') in 0.003880 seconds 
========================================================================
Received Import Request.
  Time since last request: 73.003201 seconds.
  path: Assets/Materiales/blue.mat
  artifactKey: Guid(a083a0260585a4b8184580d8cd1c97ea) Importer(815301076,1909f56bfc062723c751e8b465ee728b)
Start importing Assets/Materiales/blue.mat using Guid(a083a0260585a4b8184580d8cd1c97ea) Importer(815301076,1909f56bfc062723c751e8b465ee728b)  -> (artifact id: '270633a5ac328b1d19888783909dcc04') in 0.027803 seconds 
========================================================================
Received Import Request.
  Time since last request: 0.000826 seconds.
  path: Assets/Materiales/rot.mat
  artifactKey: Guid(7fadb5266ada241bbbb35470e6eb5111) Importer(815301076,1909f56bfc062723c751e8b465ee728b)
Start importing Assets/Materiales/rot.mat using Guid(7fadb5266ada241bbbb35470e6eb5111) Importer(815301076,1909f56bfc062723c751e8b465ee728b)  -> (artifact id: '8b27d50f1d51b3af89257a85c20b5ba0') in 0.030143 seconds 
========================================================================
Received Import Request.
  Time since last request: 3442.465406 seconds.
  path: Assets/Oculus/SampleFramework/Usage/HandsTrainExample/Materials/XingLightMaterial.mat
  artifactKey: Guid(b99b44499a77b3645b481d4f7d0ddf33) Importer(815301076,1909f56bfc062723c751e8b465ee728b)
Start importing Assets/Oculus/SampleFramework/Usage/HandsTrainExample/Materials/XingLightMaterial.mat using Guid(b99b44499a77b3645b481d4f7d0ddf33) Importer(815301076,1909f56bfc062723c751e8b465ee728b)  -> (artifact id: 'b1b20124e9d75f1ab16919e785ff77ec') in 0.261001 seconds 
========================================================================
Received Import Request.
  Time since last request: 296.459959 seconds.
  path: Assets/Oculus/VR/Materials/BasicHandMaterial.mat
  artifactKey: Guid(5ba7d209f622bb44e87b47ce27ee27b7) Importer(815301076,1909f56bfc062723c751e8b465ee728b)
Start importing Assets/Oculus/VR/Materials/BasicHandMaterial.mat using Guid(5ba7d209f622bb44e87b47ce27ee27b7) Importer(815301076,1909f56bfc062723c751e8b465ee728b)  -> (artifact id: '1963a707d53770e4689309feb85f3c62') in 1.394454 seconds 
========================================================================
Received Import Request.
  Time since last request: 0.000444 seconds.
  path: Assets/Oculus/SampleFramework/Core/CustomHands/CustomHandLeft.prefab
  artifactKey: Guid(e6ba3498ffa1e534b91a07264266e6b8) Importer(815301076,1909f56bfc062723c751e8b465ee728b)
Start importing Assets/Oculus/SampleFramework/Core/CustomHands/CustomHandLeft.prefab using Guid(e6ba3498ffa1e534b91a07264266e6b8) Importer(815301076,1909f56bfc062723c751e8b465ee728b)  -> (artifact id: 'bea0ccb94ec0d3b9bd1c12b4a9e79ef8') in 0.299484 seconds 
========================================================================
Received Import Request.
  Time since last request: 0.000336 seconds.
  path: Assets/Oculus/SampleFramework/Core/CustomHands/CustomHandRight.prefab
  artifactKey: Guid(ba1fa4a8c66106b4988c88fe4b8e8502) Importer(815301076,1909f56bfc062723c751e8b465ee728b)
Start importing Assets/Oculus/SampleFramework/Core/CustomHands/CustomHandRight.prefab using Guid(ba1fa4a8c66106b4988c88fe4b8e8502) Importer(815301076,1909f56bfc062723c751e8b465ee728b)  -> (artifact id: 'd6549b9f3fd734e8e7280ebc35c6e8c3') in 0.072151 seconds 
========================================================================
Received Import Request.
  Time since last request: 0.000375 seconds.
  path: Assets/Oculus/Interaction/Runtime/Prefabs/ControllerHands.prefab
  artifactKey: Guid(13488c79ceaed7c4294a1b8e8d48de47) Importer(815301076,1909f56bfc062723c751e8b465ee728b)
Start importing Assets/Oculus/Interaction/Runtime/Prefabs/ControllerHands.prefab using Guid(13488c79ceaed7c4294a1b8e8d48de47) Importer(815301076,1909f56bfc062723c751e8b465ee728b)  -> (artifact id: '596b20495817beefa9b0747db84205ab') in 0.020754 seconds 
========================================================================
Received Import Request.
  Time since last request: 0.000449 seconds.
  path: Assets/Oculus/SampleFramework/Core/DistanceGrab/Prefabs/DistanceGrabHandRight.prefab
  artifactKey: Guid(6fae51a9f4170334e8639e8dbfc0a54b) Importer(815301076,1909f56bfc062723c751e8b465ee728b)
Start importing Assets/Oculus/SampleFramework/Core/DistanceGrab/Prefabs/DistanceGrabHandRight.prefab using Guid(6fae51a9f4170334e8639e8dbfc0a54b) Importer(815301076,1909f56bfc062723c751e8b465ee728b)  -> (artifact id: 'c71d8147ec6bf635513cf62e1435d261') in 0.051001 seconds 
========================================================================
Received Import Request.
  Time since last request: 0.000301 seconds.
  path: Assets/Oculus/SampleFramework/Core/DistanceGrab/Prefabs/DistanceGrabHandLeft.prefab
  artifactKey: Guid(0242aa8515b4bc947a945a5c6df83ee9) Importer(815301076,1909f56bfc062723c751e8b465ee728b)
Start importing Assets/Oculus/SampleFramework/Core/DistanceGrab/Prefabs/DistanceGrabHandLeft.prefab using Guid(0242aa8515b4bc947a945a5c6df83ee9) Importer(815301076,1909f56bfc062723c751e8b465ee728b)  -> (artifact id: '7dc050c63401aeddc002c7fd76bbb7d0') in 0.041120 seconds 
========================================================================
Received Import Request.
  Time since last request: 0.000371 seconds.
  path: Assets/Oculus/Interaction/Runtime/Prefabs/DistanceHandGrab/DistanceHandGrabInteractor.prefab
  artifactKey: Guid(8b13b070429a7684eb2c1ae2367ad765) Importer(815301076,1909f56bfc062723c751e8b465ee728b)
Start importing Assets/Oculus/Interaction/Runtime/Prefabs/DistanceHandGrab/DistanceHandGrabInteractor.prefab using Guid(8b13b070429a7684eb2c1ae2367ad765) Importer(815301076,1909f56bfc062723c751e8b465ee728b)  -> (artifact id: '7fcfc245c1c672216c296cd4632ab3cf') in 0.041215 seconds 
========================================================================
Received Import Request.
  Time since last request: 1.446581 seconds.
  path: Assets/Oculus/Interaction/Runtime/Prefabs/HandGrab/HandGrabInteractable.prefab
  artifactKey: Guid(a7a283c538f526040acd7c29703dad02) Importer(815301076,1909f56bfc062723c751e8b465ee728b)
Start importing Assets/Oculus/Interaction/Runtime/Prefabs/HandGrab/HandGrabInteractable.prefab using Guid(a7a283c538f526040acd7c29703dad02) Importer(815301076,1909f56bfc062723c751e8b465ee728b)  -> (artifact id: '7ddfb561eb478893521b609176429584') in 0.017103 seconds 
========================================================================
Received Import Request.
  Time since last request: 0.000362 seconds.
  path: Assets/Oculus/Interaction/Samples/Objects/Environment/Tooltips/DialogVideos/Instruction_HandGrab.mp4
  artifactKey: Guid(ceab3fdb030a3d74eafac9c5cd1dc739) Importer(815301076,1909f56bfc062723c751e8b465ee728b)
Start importing Assets/Oculus/Interaction/Samples/Objects/Environment/Tooltips/DialogVideos/Instruction_HandGrab.mp4 using Guid(ceab3fdb030a3d74eafac9c5cd1dc739) Importer(815301076,1909f56bfc062723c751e8b465ee728b)  -> (artifact id: 'bb1546d66af9a7d2923f0b6a2916b169') in 1.595740 seconds 
========================================================================
Received Import Request.
  Time since last request: 0.000632 seconds.
  path: Assets/Oculus/Interaction/Runtime/Prefabs/UseGrab/HandGrabUseInteractor.prefab
  artifactKey: Guid(08b906731dd188743b93ecd58b159337) Importer(815301076,1909f56bfc062723c751e8b465ee728b)
Start importing Assets/Oculus/Interaction/Runtime/Prefabs/UseGrab/HandGrabUseInteractor.prefab using Guid(08b906731dd188743b93ecd58b159337) Importer(815301076,1909f56bfc062723c751e8b465ee728b)  -> (artifact id: '18d2721bab684751076b1d10ec5bfc7b') in 0.020486 seconds 
========================================================================
Received Import Request.
  Time since last request: 0.000348 seconds.
  path: Assets/Oculus/Interaction/Runtime/Prefabs/HandGrab/HandGrabInteractor.prefab
  artifactKey: Guid(885ecae56b16f13428a67de5ae482a72) Importer(815301076,1909f56bfc062723c751e8b465ee728b)
Start importing Assets/Oculus/Interaction/Runtime/Prefabs/HandGrab/HandGrabInteractor.prefab using Guid(885ecae56b16f13428a67de5ae482a72) Importer(815301076,1909f56bfc062723c751e8b465ee728b)  -> (artifact id: '3e89c25d3b6b045f9182d660b6ae779e') in 0.014272 seconds 
========================================================================
Received Import Request.
  Time since last request: 0.000688 seconds.
  path: Assets/Oculus/Interaction/OVRIntegration/Runtime/Prefabs/TouchHandGrab/OVRTouchHandGrabInteractor.prefab
  artifactKey: Guid(eacb945ff4b1f71479625dd1c973b0f2) Importer(815301076,1909f56bfc062723c751e8b465ee728b)
Start importing Assets/Oculus/Interaction/OVRIntegration/Runtime/Prefabs/TouchHandGrab/OVRTouchHandGrabInteractor.prefab using Guid(eacb945ff4b1f71479625dd1c973b0f2) Importer(815301076,1909f56bfc062723c751e8b465ee728b)  -> (artifact id: '1248b08ee8767db336736d1f45b0dd9e') in 0.070649 seconds 
========================================================================
Received Import Request.
  Time since last request: 12.237325 seconds.
  path: Assets/Oculus/Interaction/Runtime/Prefabs/UseGrab/HandGrabUseInteractor.prefab
  artifactKey: Guid(08b906731dd188743b93ecd58b159337) Importer(815301076,1909f56bfc062723c751e8b465ee728b)
Start importing Assets/Oculus/Interaction/Runtime/Prefabs/UseGrab/HandGrabUseInteractor.prefab using Guid(08b906731dd188743b93ecd58b159337) Importer(815301076,1909f56bfc062723c751e8b465ee728b)  -> (artifact id: 'd062deb2dec33b78f00acb05bf76f462') in 0.005756 seconds 
========================================================================
Received Import Request.
  Time since last request: 1554.154530 seconds.
  path: Assets/Oculus/Interaction/Runtime/Prefabs/Ray/ControllerRayInteractor.prefab
  artifactKey: Guid(44cf50d1a2e68b64791a3e3143ccda19) Importer(815301076,1909f56bfc062723c751e8b465ee728b)
Start importing Assets/Oculus/Interaction/Runtime/Prefabs/Ray/ControllerRayInteractor.prefab using Guid(44cf50d1a2e68b64791a3e3143ccda19) Importer(815301076,1909f56bfc062723c751e8b465ee728b)  -> (artifact id: 'd144b32cdc54afe270dd3c2e054099f3') in 0.295571 seconds 
========================================================================
Received Import Request.
  Time since last request: 0.000512 seconds.
  path: Assets/Oculus/Interaction/Samples/Audio/Content/Interaction_BasicRay_Release.wav
  artifactKey: Guid(2786b7a027507264ebaad5d1bf1cd1dd) Importer(815301076,1909f56bfc062723c751e8b465ee728b)
Start importing Assets/Oculus/Interaction/Samples/Audio/Content/Interaction_BasicRay_Release.wav using Guid(2786b7a027507264ebaad5d1bf1cd1dd) Importer(815301076,1909f56bfc062723c751e8b465ee728b)  -> (artifact id: '346af0d4e177757efaf52a1e95bf4ea7') in 1.752422 seconds 
========================================================================
Received Import Request.
  Time since last request: 0.000507 seconds.
  path: Assets/Oculus/Interaction/Samples/Audio/Content/Interaction_BasicRay_Hover.wav
  artifactKey: Guid(1310bd00360df084e96ccc9a42f601b7) Importer(815301076,1909f56bfc062723c751e8b465ee728b)
Start importing Assets/Oculus/Interaction/Samples/Audio/Content/Interaction_BasicRay_Hover.wav using Guid(1310bd00360df084e96ccc9a42f601b7) Importer(815301076,1909f56bfc062723c751e8b465ee728b)  -> (artifact id: '32237f1c1367a88ec2298b87836544c8') in 0.029985 seconds 
========================================================================
Received Import Request.
  Time since last request: 0.000319 seconds.
  path: Assets/Oculus/Interaction/Samples/Objects/Environment/Tooltips/DialogVideos/Instruction_Ray.mp4
  artifactKey: Guid(42ab5e1773cfced4c91af50d8b1899be) Importer(815301076,1909f56bfc062723c751e8b465ee728b)
Start importing Assets/Oculus/Interaction/Samples/Objects/Environment/Tooltips/DialogVideos/Instruction_Ray.mp4 using Guid(42ab5e1773cfced4c91af50d8b1899be) Importer(815301076,1909f56bfc062723c751e8b465ee728b)  -> (artifact id: 'c7ed5eabcccdfc1d6fedbfc7037c0b6d') in 0.011576 seconds 
========================================================================
Received Import Request.
  Time since last request: 0.001901 seconds.
  path: Assets/Oculus/Interaction/Runtime/Prefabs/Ray/RayInteractable.prefab
  artifactKey: Guid(7948691e53a735b4f868799331ccf8b6) Importer(815301076,1909f56bfc062723c751e8b465ee728b)
Start importing Assets/Oculus/Interaction/Runtime/Prefabs/Ray/RayInteractable.prefab using Guid(7948691e53a735b4f868799331ccf8b6) Importer(815301076,1909f56bfc062723c751e8b465ee728b)  -> (artifact id: 'd6ca46bfa49a475958af3a38c146b847') in 0.045512 seconds 
========================================================================
Received Import Request.
  Time since last request: 0.000503 seconds.
  path: Assets/Oculus/Interaction/Samples/Audio/Content/Interaction_BasicRay_Back.wav
  artifactKey: Guid(4393389c4e9969940bfda2dc7f786204) Importer(815301076,1909f56bfc062723c751e8b465ee728b)
Start importing Assets/Oculus/Interaction/Samples/Audio/Content/Interaction_BasicRay_Back.wav using Guid(4393389c4e9969940bfda2dc7f786204) Importer(815301076,1909f56bfc062723c751e8b465ee728b)  -> (artifact id: '8feccf00e4c40169347f0863f2616508') in 0.027983 seconds 
========================================================================
Received Import Request.
  Time since last request: 0.000676 seconds.
  path: Assets/Oculus/Interaction/Samples/Audio/Content/Interaction_BasicRay_Press.wav
  artifactKey: Guid(0ae074243bcbf57468d433ad4f78acbb) Importer(815301076,1909f56bfc062723c751e8b465ee728b)
Start importing Assets/Oculus/Interaction/Samples/Audio/Content/Interaction_BasicRay_Press.wav using Guid(0ae074243bcbf57468d433ad4f78acbb) Importer(815301076,1909f56bfc062723c751e8b465ee728b)  -> (artifact id: 'd51e5f2e8317811cb3789dbf1f14ed8e') in 0.021684 seconds 
========================================================================
Received Import Request.
  Time since last request: 0.000309 seconds.
  path: Assets/Oculus/Interaction/Runtime/Prefabs/Ray/HandRayInteractor.prefab
  artifactKey: Guid(d27ac1ffd4cdd7c40a39dcfa6012355c) Importer(815301076,1909f56bfc062723c751e8b465ee728b)
Start importing Assets/Oculus/Interaction/Runtime/Prefabs/Ray/HandRayInteractor.prefab using Guid(d27ac1ffd4cdd7c40a39dcfa6012355c) Importer(815301076,1909f56bfc062723c751e8b465ee728b)  -> (artifact id: '0e8f63ae0f68a336378ca6edccaed75c') in 0.319512 seconds 
========================================================================
Received Import Request.
  Time since last request: 578.214562 seconds.
  path: Assets/Oculus/Spatializer/scenes/sounds/360 Workstation Ambisonic Panning AmbiX.wav
  artifactKey: Guid(1340d7fb0cd1bfb4caa3b3270cb2ea5f) Importer(815301076,1909f56bfc062723c751e8b465ee728b)
Start importing Assets/Oculus/Spatializer/scenes/sounds/360 Workstation Ambisonic Panning AmbiX.wav using Guid(1340d7fb0cd1bfb4caa3b3270cb2ea5f) Importer(815301076,1909f56bfc062723c751e8b465ee728b)  -> (artifact id: '145c5d2668f710e15c4d1a76f8265b92') in 0.047154 seconds 
========================================================================
Received Import Request.
  Time since last request: 0.000311 seconds.
  path: Assets/Oculus/Spatializer/scenes/materials/AmbisonicObject1.mat
  artifactKey: Guid(584662273d60a0f47bd7fecbb570e66e) Importer(815301076,1909f56bfc062723c751e8b465ee728b)
Start importing Assets/Oculus/Spatializer/scenes/materials/AmbisonicObject1.mat using Guid(584662273d60a0f47bd7fecbb570e66e) Importer(815301076,1909f56bfc062723c751e8b465ee728b)  -> (artifact id: 'ae966dc4005a859efac192e6c880d9c6') in 0.444959 seconds 
========================================================================
Received Import Request.
  Time since last request: 0.000304 seconds.
  path: Assets/Oculus/Interaction/Runtime/Prefabs/Debug/ActiveStateDebugTree.prefab
  artifactKey: Guid(dc0992b1665af9548996ae6d0807dbed) Importer(815301076,1909f56bfc062723c751e8b465ee728b)
Start importing Assets/Oculus/Interaction/Runtime/Prefabs/Debug/ActiveStateDebugTree.prefab using Guid(dc0992b1665af9548996ae6d0807dbed) Importer(815301076,1909f56bfc062723c751e8b465ee728b)  -> (artifact id: 'e92a20ccd7879d368105c8ae09de47cc') in 0.045733 seconds 
========================================================================
Received Import Request.
  Time since last request: 0.102269 seconds.
  path: Assets/Oculus/SampleFramework/Usage/SharedAssets/Models/ball_billiard_03.fbx
  artifactKey: Guid(9e5fdf0438d84fe498dfaf4e22a401f1) Importer(815301076,1909f56bfc062723c751e8b465ee728b)
Start importing Assets/Oculus/SampleFramework/Usage/SharedAssets/Models/ball_billiard_03.fbx using Guid(9e5fdf0438d84fe498dfaf4e22a401f1) Importer(815301076,1909f56bfc062723c751e8b465ee728b)  -> (artifact id: '06bffd5c2f574d308a1564d503b29997') in 0.178347 seconds 
========================================================================
Received Import Request.
  Time since last request: 0.000359 seconds.
  path: Assets/Oculus/SampleFramework/Usage/SharedAssets/Prefabs/BillardBall03Pf.prefab
  artifactKey: Guid(46017755ec437f44e8415741e839f3c0) Importer(815301076,1909f56bfc062723c751e8b465ee728b)
Start importing Assets/Oculus/SampleFramework/Usage/SharedAssets/Prefabs/BillardBall03Pf.prefab using Guid(46017755ec437f44e8415741e839f3c0) Importer(815301076,1909f56bfc062723c751e8b465ee728b)  -> (artifact id: 'ce10ab735c258178df7c7486b1ec9c1e') in 0.052488 seconds 
========================================================================
Received Import Request.
  Time since last request: 0.000615 seconds.
  path: Assets/Oculus/Interaction/Samples/Objects/Props/BigRedButton/Models/BigRedButton.fbx
  artifactKey: Guid(4f056151902f3214fb1294871c8c9718) Importer(815301076,1909f56bfc062723c751e8b465ee728b)
Start importing Assets/Oculus/Interaction/Samples/Objects/Props/BigRedButton/Models/BigRedButton.fbx using Guid(4f056151902f3214fb1294871c8c9718) Importer(815301076,1909f56bfc062723c751e8b465ee728b)  -> (artifact id: '553300239e7894b1a039345470519f85') in 0.599941 seconds 
========================================================================
Received Import Request.
  Time since last request: 0.000350 seconds.
  path: Assets/Oculus/Interaction/Samples/Objects/Environment/BasicGrabInfoFrames.prefab
  artifactKey: Guid(5239d13158998b148b3e5a0c1de7c054) Importer(815301076,1909f56bfc062723c751e8b465ee728b)
Start importing Assets/Oculus/Interaction/Samples/Objects/Environment/BasicGrabInfoFrames.prefab using Guid(5239d13158998b148b3e5a0c1de7c054) Importer(815301076,1909f56bfc062723c751e8b465ee728b)  -> (artifact id: '12cf364aa232e644618686e4350b5d7c') in 0.077810 seconds 
========================================================================
Received Import Request.
  Time since last request: 0.000669 seconds.
  path: Assets/Oculus/SampleFramework/Usage/SharedAssets/Prefabs/BillardBall10Pf.prefab
  artifactKey: Guid(83c6598d550f34048ad0ef6a989d4d73) Importer(815301076,1909f56bfc062723c751e8b465ee728b)
Start importing Assets/Oculus/SampleFramework/Usage/SharedAssets/Prefabs/BillardBall10Pf.prefab using Guid(83c6598d550f34048ad0ef6a989d4d73) Importer(815301076,1909f56bfc062723c751e8b465ee728b)  -> (artifact id: '03203f0407c457f839e90b9857f852cd') in 0.052868 seconds 
========================================================================
Received Import Request.
  Time since last request: 0.000344 seconds.
  path: Assets/Oculus/Interaction/Samples/Objects/Props/BigRedButton/BigRedButton.prefab
  artifactKey: Guid(d2d6934a666a18d46b8b7a3864dc9f63) Importer(815301076,1909f56bfc062723c751e8b465ee728b)
Start importing Assets/Oculus/Interaction/Samples/Objects/Props/BigRedButton/BigRedButton.prefab using Guid(d2d6934a666a18d46b8b7a3864dc9f63) Importer(815301076,1909f56bfc062723c751e8b465ee728b) Tried select unknown importer for id '-2' '00000000000000000000000000000000'
 -> (artifact id: '907931e456f6da06b5845749bbce6501') in 0.141911 seconds 
========================================================================
Received Import Request.
  Time since last request: 0.000412 seconds.
  path: Assets/Oculus/SampleFramework/Usage/SharedAssets/Textures/ball_billiard_03_dif.jpg
  artifactKey: Guid(6f62dbb8fce29e04fb0a99913642d116) Importer(815301076,1909f56bfc062723c751e8b465ee728b)
Start importing Assets/Oculus/SampleFramework/Usage/SharedAssets/Textures/ball_billiard_03_dif.jpg using Guid(6f62dbb8fce29e04fb0a99913642d116) Importer(815301076,1909f56bfc062723c751e8b465ee728b)  -> (artifact id: '18c1914959582f5a5eabb4ce1429da09') in 1.670913 seconds 
========================================================================
Received Import Request.
  Time since last request: 0.000368 seconds.
  path: Assets/Oculus/Interaction/Samples/Objects/Props/BigStone/BigStone.prefab
  artifactKey: Guid(9c2d282813c94144c99c645bfff6bf63) Importer(815301076,1909f56bfc062723c751e8b465ee728b)
Start importing Assets/Oculus/Interaction/Samples/Objects/Props/BigStone/BigStone.prefab using Guid(9c2d282813c94144c99c645bfff6bf63) Importer(815301076,1909f56bfc062723c751e8b465ee728b)  -> (artifact id: '15b224508578b978149639ea91b42eb7') in 0.066484 seconds 
========================================================================
Received Import Request.
  Time since last request: 0.000996 seconds.
  path: Assets/Oculus/SampleFramework/Usage/SharedAssets/Models/ball_billiard_10.fbx
  artifactKey: Guid(4a42e5011990d97479599bd0c3f4f7bb) Importer(815301076,1909f56bfc062723c751e8b465ee728b)
Start importing Assets/Oculus/SampleFramework/Usage/SharedAssets/Models/ball_billiard_10.fbx using Guid(4a42e5011990d97479599bd0c3f4f7bb) Importer(815301076,1909f56bfc062723c751e8b465ee728b)  -> (artifact id: '710286ab30b12a615f0555475a33e87a') in 0.063819 seconds 
========================================================================
Received Import Request.
  Time since last request: 0.002294 seconds.
  path: Assets/Oculus/Interaction/Samples/Objects/Props/BigStone/Materials/BigStoneMat.mat
  artifactKey: Guid(d786d4ccd0847a64f80d21ee6b07874f) Importer(815301076,1909f56bfc062723c751e8b465ee728b)
Start importing Assets/Oculus/Interaction/Samples/Objects/Props/BigStone/Materials/BigStoneMat.mat using Guid(d786d4ccd0847a64f80d21ee6b07874f) Importer(815301076,1909f56bfc062723c751e8b465ee728b)  -> (artifact id: 'c0a0a14cfdf9b5cbe47c3239c24f1607') in 0.055148 seconds 
========================================================================
Received Import Request.
  Time since last request: 0.000451 seconds.
  path: Assets/Oculus/VR/Materials/OVRTrackedKeyboard/BillboardMask.mat
  artifactKey: Guid(e5efaaa7295b60c4b99c88ff76db4d0c) Importer(815301076,1909f56bfc062723c751e8b465ee728b)
Start importing Assets/Oculus/VR/Materials/OVRTrackedKeyboard/BillboardMask.mat using Guid(e5efaaa7295b60c4b99c88ff76db4d0c) Importer(815301076,1909f56bfc062723c751e8b465ee728b)  -> (artifact id: '46f89989d25e5577a62b6ea08a9f6982') in 0.237219 seconds 
========================================================================
Received Import Request.
  Time since last request: 0.000335 seconds.
  path: Assets/Oculus/SampleFramework/Usage/SharedAssets/Textures/ball_billiard_10_dif.jpg
  artifactKey: Guid(2314f2250e16c224fbaa392942901582) Importer(815301076,1909f56bfc062723c751e8b465ee728b)
Start importing Assets/Oculus/SampleFramework/Usage/SharedAssets/Textures/ball_billiard_10_dif.jpg using Guid(2314f2250e16c224fbaa392942901582) Importer(815301076,1909f56bfc062723c751e8b465ee728b)  -> (artifact id: '15635ad14f10c68bdd6e39ada3204beb') in 0.027702 seconds 
========================================================================
Received Import Request.
  Time since last request: 1064.631299 seconds.
  path: Assets/Bubble Particles/Materials
  artifactKey: Guid(d5e632953fffced4aa85a136a08d4180) Importer(815301076,1909f56bfc062723c751e8b465ee728b)
Start importing Assets/Bubble Particles/Materials using Guid(d5e632953fffced4aa85a136a08d4180) Importer(815301076,1909f56bfc062723c751e8b465ee728b)  -> (artifact id: 'eac3560e2e3c66b12f0e0caae6a89b2a') in 0.005622 seconds 
========================================================================
Received Import Request.
  Time since last request: 0.000465 seconds.
  path: Assets/Bubble Particles/Materials/Bubble Splash MAT.mat
  artifactKey: Guid(d708ae3b3a3af1e4b814720949ca4db3) Importer(815301076,1909f56bfc062723c751e8b465ee728b)
Start importing Assets/Bubble Particles/Materials/Bubble Splash MAT.mat using Guid(d708ae3b3a3af1e4b814720949ca4db3) Importer(815301076,1909f56bfc062723c751e8b465ee728b)  -> (artifact id: 'db041851fae694e7d03274f663866d68') in 0.202245 seconds 
========================================================================
Received Import Request.
  Time since last request: 0.000301 seconds.
  path: Assets/Bubble Particles/Materials/Bubble MAT.mat
  artifactKey: Guid(26a9eae367104144286ee6c8c89213b9) Importer(815301076,1909f56bfc062723c751e8b465ee728b)
Start importing Assets/Bubble Particles/Materials/Bubble MAT.mat using Guid(26a9eae367104144286ee6c8c89213b9) Importer(815301076,1909f56bfc062723c751e8b465ee728b)  -> (artifact id: '900521706d194f64f5e08c92db22d668') in 0.052587 seconds 
========================================================================
Received Import Request.
  Time since last request: 0.000351 seconds.
  path: Assets/Bubble Particles/Materials/Demo MAT.mat
  artifactKey: Guid(76679e3fb4b5b744983975c0939bcde3) Importer(815301076,1909f56bfc062723c751e8b465ee728b)
Start importing Assets/Bubble Particles/Materials/Demo MAT.mat using Guid(76679e3fb4b5b744983975c0939bcde3) Importer(815301076,1909f56bfc062723c751e8b465ee728b)  -> (artifact id: '7452b651ba53b95d6ad85567e52f78c3') in 0.027480 seconds 
========================================================================
Received Import Request.
  Time since last request: 2266.152076 seconds.
  path: Assets/Resources/OculusPlatformSettings.asset
  artifactKey: Guid(e24afc4f07a5040d39d2ab23cb127c6d) Importer(815301076,1909f56bfc062723c751e8b465ee728b)
Start importing Assets/Resources/OculusPlatformSettings.asset using Guid(e24afc4f07a5040d39d2ab23cb127c6d) Importer(815301076,1909f56bfc062723c751e8b465ee728b)  -> (artifact id: '0b5010b3785702dbdeaab390fac504d1') in 0.111394 seconds 
========================================================================
Received Import Request.
  Time since last request: 758.495385 seconds.
  path: Assets/Bubble Particles/Materials/Textures/bubble.tif
  artifactKey: Guid(4a7a2c723602ab14ca14104d1689d525) Importer(815301076,1909f56bfc062723c751e8b465ee728b)
Start importing Assets/Bubble Particles/Materials/Textures/bubble.tif using Guid(4a7a2c723602ab14ca14104d1689d525) Importer(815301076,1909f56bfc062723c751e8b465ee728b)  -> (artifact id: '45813d78c7d7a13b13b156fc7d8846d8') in 4.793723 seconds 
========================================================================
Received Import Request.
  Time since last request: 1.551592 seconds.
  path: Assets/Bubble Particles/Materials/Textures/bubbleSplashTex.tif
  artifactKey: Guid(0a6da03379e7db446a6f02281947051a) Importer(815301076,1909f56bfc062723c751e8b465ee728b)
Start importing Assets/Bubble Particles/Materials/Textures/bubbleSplashTex.tif using Guid(0a6da03379e7db446a6f02281947051a) Importer(815301076,1909f56bfc062723c751e8b465ee728b)  -> (artifact id: '88b017f4a1faf13c74df5484d0c67923') in 0.059043 seconds 
========================================================================
Received Import Request.
  Time since last request: 1.498542 seconds.
  path: Assets/Bubble Particles/Materials/Textures
  artifactKey: Guid(fe950bd861857ae40b070f2f244cb5f1) Importer(815301076,1909f56bfc062723c751e8b465ee728b)
Start importing Assets/Bubble Particles/Materials/Textures using Guid(fe950bd861857ae40b070f2f244cb5f1) Importer(815301076,1909f56bfc062723c751e8b465ee728b)  -> (artifact id: 'fefbc1bcdfa772227450a3b43d65693a') in 0.006999 seconds 
========================================================================
Received Import Request.
  Time since last request: 1.144835 seconds.
  path: Assets/Bubble Particles/Prefabs/Bubble Particles 2.prefab
  artifactKey: Guid(f947e4201b4fa4c48bfc3a41abe7c13a) Importer(815301076,1909f56bfc062723c751e8b465ee728b)
Start importing Assets/Bubble Particles/Prefabs/Bubble Particles 2.prefab using Guid(f947e4201b4fa4c48bfc3a41abe7c13a) Importer(815301076,1909f56bfc062723c751e8b465ee728b)  -> (artifact id: '55ccd3f1b183b582c7ac1dab7dc2470d') in 0.148063 seconds 
========================================================================
Received Import Request.
  Time since last request: 0.016575 seconds.
  path: Assets/Bubble Particles/Prefabs/Bubble Particles.prefab
  artifactKey: Guid(b9037713bd8bb8347ae0a9ee0be244ed) Importer(815301076,1909f56bfc062723c751e8b465ee728b)
Start importing Assets/Bubble Particles/Prefabs/Bubble Particles.prefab using Guid(b9037713bd8bb8347ae0a9ee0be244ed) Importer(815301076,1909f56bfc062723c751e8b465ee728b)  -> (artifact id: '1e25340e2bccd8209e8217836f9fff1b') in 0.077712 seconds 
========================================================================
Received Import Request.
  Time since last request: 1.743373 seconds.
  path: Assets/Bubble Particles/Prefabs/Bubble Particles 2.prefab
  artifactKey: Guid(f947e4201b4fa4c48bfc3a41abe7c13a) Importer(815301076,1909f56bfc062723c751e8b465ee728b)
Start importing Assets/Bubble Particles/Prefabs/Bubble Particles 2.prefab using Guid(f947e4201b4fa4c48bfc3a41abe7c13a) Importer(815301076,1909f56bfc062723c751e8b465ee728b)  -> (artifact id: 'd57abc89e44d7cd5e88d373096e21008') in 0.057335 seconds 
========================================================================
Received Import Request.
  Time since last request: 1.494825 seconds.
  path: Assets/Bubble Particles/Prefabs/Bubble Particles.prefab
  artifactKey: Guid(b9037713bd8bb8347ae0a9ee0be244ed) Importer(815301076,1909f56bfc062723c751e8b465ee728b)
Start importing Assets/Bubble Particles/Prefabs/Bubble Particles.prefab using Guid(b9037713bd8bb8347ae0a9ee0be244ed) Importer(815301076,1909f56bfc062723c751e8b465ee728b)  -> (artifact id: '8de66e2181a69d2c49071ce6cd982da5') in 0.070750 seconds 
========================================================================
Received Import Request.
  Time since last request: 3.702921 seconds.
  path: Assets/Bubble Particles/Scenes/Bubble Demo.unity
  artifactKey: Guid(41642fcfa6cd7a24a91a8b7e451ed7ce) Importer(815301076,1909f56bfc062723c751e8b465ee728b)
Start importing Assets/Bubble Particles/Scenes/Bubble Demo.unity using Guid(41642fcfa6cd7a24a91a8b7e451ed7ce) Importer(815301076,1909f56bfc062723c751e8b465ee728b)  -> (artifact id: 'c8d448a54ea08c739f0481caeecbea79') in 0.009572 seconds 
========================================================================
Received Import Request.
  Time since last request: 2.112206 seconds.
  path: Assets/Bubble Particles/Scenes/Bubble DemoSettings.lighting
  artifactKey: Guid(5ad0fcccf9ae444879149f3b3c04f136) Importer(815301076,1909f56bfc062723c751e8b465ee728b)
Start importing Assets/Bubble Particles/Scenes/Bubble DemoSettings.lighting using Guid(5ad0fcccf9ae444879149f3b3c04f136) Importer(815301076,1909f56bfc062723c751e8b465ee728b) LightingSettings: switching bake backend from 1 to 0.
 -> (artifact id: 'b3961f2c06d889a9fa250f0337949fe8') in 0.249137 seconds 
========================================================================
Received Prepare
Shader 'Oculus/OVRMRCameraFrameLit': fallback shader 'Alpha-Diffuse' not found
Refreshing native plugins compatible for Editor in 27.18 ms, found 5 plugins.
Preloading 1 native plugins for Editor in 1.01 ms.
Unloading 41 Unused Serialized files (Serialized files now loaded: 0)
System memory in use before: 150.1 MB.
System memory in use after: 150.3 MB.

Unloading 46 unused Assets to reduce memory usage. Loaded Objects now: 3424.
Total: 109.885701 ms (FindLiveObjects: 0.531283 ms CreateObjectMapping: 0.241351 ms MarkObjects: 108.610188 ms  DeleteObjects: 0.501436 ms)

AssetImportParameters requested are different than current active one (requested -> active):
  custom:video-decoder-ogg-theora: a1e56fd34408186e4bbccfd4996cb3dc -> 
  custom:container-muxer-webm: aa71ff27fc2769a1b78a27578f13a17b -> 
  custom:container-demuxer-webm: 4f35f7cbe854078d1ac9338744f61a02 -> 
  custom:container-demuxer-ogg: 62fdf1f143b41e24485cea50d1cbac27 -> 
  custom:video-encoder-webm-vp8: eb34c28f22e8b96e1ab97ce403110664 -> 
  custom:framework-osx-AVFoundation: e770b220cccbd017edd2c1fefb359320 -> 
  custom:video-decoder-webm-vp8: 9c59270c3fd7afecdb556c50c9e8de78 -> 
  custom:audio-decoder-ogg-vorbis: bf7c407c2cedff20999df2af8eb42d56 -> 
  custom:audio-encoder-webm-vorbis: bf7c407c2cedff20999df2af8eb42d56 -> 
