Unity Editor version:    2020.3.47f1 (5ef4f5b5e2d4)
Branch:                  2020.3/staging
Build type:              Release
Batch mode:              YES
macOS version:           Version 13.2 (Build 22D49)
Darwin version:          22.3.0
Architecture:            x86_64
Running under Rosetta:   NO
Available memory:        8192 MB
Using pre-set license
Pro License: NO

COMMAND LINE ARGUMENTS:
/Users/sofia/Documents/2020.3.47f1/Unity.app/Contents/MacOS/Unity
-adb2
-batchMode
-noUpm
-name
AssetImportWorker0
-projectPath
/Users/sofia/Desktop/quest-burbujas/burbujitas
-logFile
Logs/AssetImportWorker0.log
-srvPort
55778
Successfully changed project path to: /Users/sofia/Desktop/quest-burbujas/burbujitas
/Users/sofia/Desktop/quest-burbujas/burbujitas
Using Asset Import Pipeline V2.
Player connection [140704709879360] Host "[IP] 157.253.146.72 [Port] 0 [Flags] 2 [Guid] 1785975450 [EditorId] 1785975450 [Version] 1048832 [Id] OSXEditor(0,Cocoliso.local) [Debug] 1 [PackageName] OSXEditor [ProjectName] Editor" joined multi-casting on [225.0.0.222:54997]...

Player connection [140704709879360] Host "[IP] 157.253.146.72 [Port] 0 [Flags] 2 [Guid] 1785975450 [EditorId] 1785975450 [Version] 1048832 [Id] OSXEditor(0,Cocoliso.local) [Debug] 1 [PackageName] OSXEditor [ProjectName] Editor" joined alternative multi-casting on [225.0.0.222:34997]...

Refreshing native plugins compatible for Editor in 156.57 ms, found 5 plugins.
Preloading 1 native plugins for Editor in 10.32 ms.
Initialize engine version: 2020.3.47f1 (5ef4f5b5e2d4)
[Subsystems] Discovering subsystems at path /Users/sofia/Documents/2020.3.47f1/Unity.app/Contents/Resources/UnitySubsystems
[Subsystems] Discovering subsystems at path /Users/sofia/Desktop/quest-burbujas/burbujitas/Assets
GfxDevice: creating device client; threaded=0
2023-05-17 16:30:53.516 Unity[10164:348032] Color LCD preferred device: Intel(R) Iris(TM) Plus Graphics (low power)
2023-05-17 16:30:53.516 Unity[10164:348032] Metal devices available: 1
2023-05-17 16:30:53.516 Unity[10164:348032] 0: Intel(R) Iris(TM) Plus Graphics (low power)
2023-05-17 16:30:53.516 Unity[10164:348032] Using device Intel(R) Iris(TM) Plus Graphics (low power)
Initializing Metal device caps: Intel(R) Iris(TM) Plus Graphics
Shader 'Oculus/OVRMRCameraFrameLit': fallback shader 'Alpha-Diffuse' not found
Initialize mono
Mono path[0] = '/Users/sofia/Documents/2020.3.47f1/Unity.app/Contents/Managed'
Mono path[1] = '/Users/sofia/Documents/2020.3.47f1/Unity.app/Contents/MonoBleedingEdge/lib/mono/unityjit'
Mono config path = '/Users/sofia/Documents/2020.3.47f1/Unity.app/Contents/MonoBleedingEdge/etc'
Using monoOptions --debugger-agent=transport=dt_socket,embedding=1,server=y,suspend=n,address=127.0.0.1:56164
Begin MonoManager ReloadAssembly
Registering precompiled unity dll's ...
Register platform support module: /Users/sofia/Documents/2020.3.47f1/Unity.app/Contents/PlaybackEngines/MacStandaloneSupport/UnityEditor.OSXStandalone.Extensions.dll
Register platform support module: /Users/sofia/Documents/2020.3.47f1/PlaybackEngines/WindowsStandaloneSupport/UnityEditor.WindowsStandalone.Extensions.dll
Registered in 0.004784 seconds.
Native extension for WindowsStandalone target not found
Native extension for OSXStandalone target not found
Refreshing native plugins compatible for Editor in 94.63 ms, found 5 plugins.
Preloading 1 native plugins for Editor in 0.83 ms.
Mono: successfully reloaded assembly
- Completed reload, in  1.007 seconds
Domain Reload Profiling:
	ReloadAssembly (1007ms)
		BeginReloadAssembly (131ms)
			ExecutionOrderSort (0ms)
			DisableScriptedObjects (0ms)
			BackupInstance (0ms)
			ReleaseScriptingObjects (0ms)
			CreateAndSetChildDomain (1ms)
		EndReloadAssembly (705ms)
			LoadAssemblies (135ms)
			RebuildTransferFunctionScriptingTraits (0ms)
			SetupTypeCache (223ms)
			ReleaseScriptCaches (0ms)
			RebuildScriptCaches (49ms)
			SetupLoadedEditorAssemblies (311ms)
				LogAssemblyErrors (0ms)
				InitializePlatformSupportModulesInManaged (8ms)
				SetLoadedEditorAssemblies (0ms)
				RefreshPlugins (96ms)
				BeforeProcessingInitializeOnLoad (36ms)
				ProcessInitializeOnLoadAttributes (132ms)
				ProcessInitializeOnLoadMethodAttributes (38ms)
				AfterProcessingInitializeOnLoad (0ms)
				EditorAssembliesLoaded (0ms)
			ExecutionOrderSort2 (0ms)
			AwakeInstancesAfterBackupRestoration (0ms)
Platform modules already initialized, skipping
Registering precompiled user dll's ...
Registered in 0.008640 seconds.
Begin MonoManager ReloadAssembly
Native extension for WindowsStandalone target not found
Native extension for OSXStandalone target not found
Refreshing native plugins compatible for Editor in 0.89 ms, found 5 plugins.
Preloading 1 native plugins for Editor in 0.70 ms.
Mono: successfully reloaded assembly
- Completed reload, in  1.636 seconds
Domain Reload Profiling:
	ReloadAssembly (1639ms)
		BeginReloadAssembly (183ms)
			ExecutionOrderSort (0ms)
			DisableScriptedObjects (6ms)
			BackupInstance (0ms)
			ReleaseScriptingObjects (0ms)
			CreateAndSetChildDomain (38ms)
		EndReloadAssembly (1378ms)
			LoadAssemblies (182ms)
			RebuildTransferFunctionScriptingTraits (0ms)
			SetupTypeCache (481ms)
			ReleaseScriptCaches (1ms)
			RebuildScriptCaches (104ms)
			SetupLoadedEditorAssemblies (483ms)
				LogAssemblyErrors (0ms)
				InitializePlatformSupportModulesInManaged (5ms)
				SetLoadedEditorAssemblies (1ms)
				RefreshPlugins (2ms)
				BeforeProcessingInitializeOnLoad (110ms)
				ProcessInitializeOnLoadAttributes (351ms)
				ProcessInitializeOnLoadMethodAttributes (14ms)
				AfterProcessingInitializeOnLoad (1ms)
				EditorAssembliesLoaded (0ms)
			ExecutionOrderSort2 (0ms)
			AwakeInstancesAfterBackupRestoration (3ms)
Platform modules already initialized, skipping
Validating Project structure ... 0.081696 seconds.
Shader import version has changed; will reimport all shaders...
Upgrading shader files ...0.180528 seconds.
Application.AssetDatabase Initial Script Refresh Start
RefreshInfo: InitialScriptRefreshV2(NoUpdateAssetOptions) scanfilter:  ... 1 filters
RefreshProfiler: Total: 0.000ms
Application.AssetDatabase Initial Script Refresh End
Application.AssetDatabase.Refresh Start
Application.AssetDatabase.Refresh End
RefreshInfo: StopAssetImportingV2(ForceSynchronousImport) scanfilter: 
RefreshProfiler: Total: 0.000ms
Shader 'Oculus/OVRMRCameraFrameLit': fallback shader 'Alpha-Diffuse' not found
Launching external process: /Users/sofia/Documents/2020.3.47f1/Unity.app/Contents/Tools/UnityShaderCompiler
Launched and connected shader compiler UnityShaderCompiler after 0.02 seconds
Initializing Unity extensions:
2023-05-17 16:31:02.128 Unity[10164:348032] NSEventModifierFlagFunction specified to -setKeyEquivalentModifierMask: for item <NSMenuItem: 0x7fdc3d1ff6e0 Font Asset, ke='Command-F12'>, but is only supported for system-provided menu items; will not be used
2023-05-17 16:31:02.138 Unity[10164:348032] NSEventModifierFlagFunction specified to -setKeyEquivalentModifierMask: for item <NSMenuItem: 0x7fdc3ae65e60 Font Asset, ke='Command-F12'>, but is only supported for system-provided menu items; will not be used
========================================================================
Worker process is ready to serve import requests
Shader 'Oculus/OVRMRCameraFrameLit': fallback shader 'Alpha-Diffuse' not found
Refreshing native plugins compatible for Editor in 1.33 ms, found 5 plugins.
Preloading 1 native plugins for Editor in 0.75 ms.
Unloading 2915 Unused Serialized files (Serialized files now loaded: 0)
System memory in use before: 144.6 MB.
System memory in use after: 144.0 MB.

Unloading 663 unused Assets to reduce memory usage. Loaded Objects now: 3370.
Total: 5.831867 ms (FindLiveObjects: 0.285875 ms CreateObjectMapping: 0.139022 ms MarkObjects: 3.937186 ms  DeleteObjects: 1.467249 ms)

AssetImportParameters requested are different than current active one (requested -> active):
  custom:video-decoder-ogg-theora: a1e56fd34408186e4bbccfd4996cb3dc -> 
  custom:container-muxer-webm: aa71ff27fc2769a1b78a27578f13a17b -> 
  custom:container-demuxer-webm: 4f35f7cbe854078d1ac9338744f61a02 -> 
  custom:container-demuxer-ogg: 62fdf1f143b41e24485cea50d1cbac27 -> 
  custom:video-encoder-webm-vp8: eb34c28f22e8b96e1ab97ce403110664 -> 
  custom:framework-osx-AVFoundation: e770b220cccbd017edd2c1fefb359320 -> 
  custom:video-decoder-webm-vp8: 9c59270c3fd7afecdb556c50c9e8de78 -> 
  custom:audio-decoder-ogg-vorbis: bf7c407c2cedff20999df2af8eb42d56 -> 
  custom:audio-encoder-webm-vorbis: bf7c407c2cedff20999df2af8eb42d56 -> 
========================================================================
Received Import Request.
  path: Assets/Bubble Particles/Prefabs
  artifactKey: Guid(e8d40c8f0f3aaf24e8cfaa4d080e04ef) Importer(815301076,1909f56bfc062723c751e8b465ee728b)
Start importing Assets/Bubble Particles/Prefabs using Guid(e8d40c8f0f3aaf24e8cfaa4d080e04ef) Importer(815301076,1909f56bfc062723c751e8b465ee728b)  -> (artifact id: 'cc97294c59bcfa460371ed80b7b124b6') in 0.007452 seconds 
========================================================================
Received Import Request.
  Time since last request: 36.978306 seconds.
  path: Assets/Bubble Particles/Prefabs/Bubble Particles.prefab
  artifactKey: Guid(b9037713bd8bb8347ae0a9ee0be244ed) Importer(815301076,1909f56bfc062723c751e8b465ee728b)
Start importing Assets/Bubble Particles/Prefabs/Bubble Particles.prefab using Guid(b9037713bd8bb8347ae0a9ee0be244ed) Importer(815301076,1909f56bfc062723c751e8b465ee728b)  -> (artifact id: 'c9a91f303e4f4f7d75707606d9ae651c') in 1.028365 seconds 
========================================================================
Received Import Request.
  Time since last request: 8.928057 seconds.
  path: Assets/Bubble Particles/Prefabs/Bubble Particles.prefab
  artifactKey: Guid(b9037713bd8bb8347ae0a9ee0be244ed) Importer(815301076,1909f56bfc062723c751e8b465ee728b)
Start importing Assets/Bubble Particles/Prefabs/Bubble Particles.prefab using Guid(b9037713bd8bb8347ae0a9ee0be244ed) Importer(815301076,1909f56bfc062723c751e8b465ee728b)  -> (artifact id: 'c1e0e66d5c82d32a750a16e130827ff7') in 0.063008 seconds 
========================================================================
Received Import Request.
  Time since last request: 656.338913 seconds.
  path: Assets/Oculus
  artifactKey: Guid(86104d16464dc5c4f8fe50083ba01a98) Importer(815301076,1909f56bfc062723c751e8b465ee728b)
Start importing Assets/Oculus using Guid(86104d16464dc5c4f8fe50083ba01a98) Importer(815301076,1909f56bfc062723c751e8b465ee728b)  -> (artifact id: 'ea177973a5ed4fa0b853448e70c19f8d') in 0.012960 seconds 
========================================================================
Received Import Request.
  Time since last request: 0.023538 seconds.
  path: Assets/Oculus/OculusProjectConfig.asset
  artifactKey: Guid(e94a179a2a4b33e4bbf58c6c97172b5c) Importer(815301076,1909f56bfc062723c751e8b465ee728b)
Start importing Assets/Oculus/OculusProjectConfig.asset using Guid(e94a179a2a4b33e4bbf58c6c97172b5c) Importer(815301076,1909f56bfc062723c751e8b465ee728b)  -> (artifact id: 'ba18c2a19b03c44d90a97b466d2c5260') in 0.336899 seconds 
========================================================================
Received Import Request.
  Time since last request: 3.253793 seconds.
  path: Assets/XR
  artifactKey: Guid(0d2aeafac4ded41b2aea0d53619bbbfd) Importer(815301076,1909f56bfc062723c751e8b465ee728b)
Start importing Assets/XR using Guid(0d2aeafac4ded41b2aea0d53619bbbfd) Importer(815301076,1909f56bfc062723c751e8b465ee728b)  -> (artifact id: '1ef164e344d928a8c7348361c8c84068') in 0.003979 seconds 
========================================================================
Received Import Request.
  Time since last request: 0.101726 seconds.
  path: Assets/XR/XRGeneralSettingsPerBuildTarget.asset
  artifactKey: Guid(a434d74862902430995020d58841119e) Importer(815301076,1909f56bfc062723c751e8b465ee728b)
Start importing Assets/XR/XRGeneralSettingsPerBuildTarget.asset using Guid(a434d74862902430995020d58841119e) Importer(815301076,1909f56bfc062723c751e8b465ee728b)  -> (artifact id: '76b50f1b309a5fe4112737a54578f0e6') in 0.020734 seconds 
========================================================================
Received Prepare
Registering precompiled user dll's ...
Registered in 0.003036 seconds.
Begin MonoManager ReloadAssembly
Native extension for WindowsStandalone target not found
Native extension for OSXStandalone target not found
Refreshing native plugins compatible for Editor in 0.92 ms, found 5 plugins.
Preloading 1 native plugins for Editor in 0.87 ms.
2023-05-17 16:58:01.856 Unity[10164:348032] NSEventModifierFlagFunction specified to -setKeyEquivalentModifierMask: for item <NSMenuItem: 0x7fdc38eee9b0 Font Asset, ke='Command-F12'>, but is only supported for system-provided menu items; will not be used
Mono: successfully reloaded assembly
Exception thrown while invoking [DidReloadScripts] method 'Meta.WitAi.Windows.WitConfigurationEditor:OnScriptsReloaded ()' : NullReferenceException: Object reference not set to an instance of an object
  at Meta.WitAi.Data.Configuration.WitConfigurationUtility.ReloadConfigurationData () [0x00029] in /Users/sofia/Desktop/quest-burbujas/burbujitas/Assets/Oculus/Voice/Lib/Wit.ai/Scripts/Editor/Data/Configuration/WitConfigurationUtility.cs:82 
  at Meta.WitAi.Data.Configuration.WitConfigurationUtility.get_WitConfigs () [0x00007] in /Users/sofia/Desktop/quest-burbujas/burbujitas/Assets/Oculus/Voice/Lib/Wit.ai/Scripts/Editor/Data/Configuration/WitConfigurationUtility.cs:37 
  at Meta.WitAi.Windows.WitConfigurationEditor.OnScriptsReloaded () [0x00000] in /Users/sofia/Desktop/quest-burbujas/burbujitas/Assets/Oculus/Voice/Lib/Wit.ai/Scripts/Editor/Data/Configuration/WitConfigurationEditor.cs:563 

(Filename: Assets/Oculus/Voice/Lib/Wit.ai/Scripts/Editor/Data/Configuration/WitConfigurationUtility.cs Line: 82)

- Completed reload, in  1.730 seconds
Domain Reload Profiling:
	ReloadAssembly (1733ms)
		BeginReloadAssembly (316ms)
			ExecutionOrderSort (0ms)
			DisableScriptedObjects (12ms)
			BackupInstance (0ms)
			ReleaseScriptingObjects (0ms)
			CreateAndSetChildDomain (192ms)
		EndReloadAssembly (1324ms)
			LoadAssemblies (139ms)
			RebuildTransferFunctionScriptingTraits (0ms)
			SetupTypeCache (521ms)
			ReleaseScriptCaches (1ms)
			RebuildScriptCaches (59ms)
			SetupLoadedEditorAssemblies (461ms)
				LogAssemblyErrors (0ms)
				InitializePlatformSupportModulesInManaged (6ms)
				SetLoadedEditorAssemblies (1ms)
				RefreshPlugins (2ms)
				BeforeProcessingInitializeOnLoad (138ms)
				ProcessInitializeOnLoadAttributes (303ms)
				ProcessInitializeOnLoadMethodAttributes (10ms)
				AfterProcessingInitializeOnLoad (2ms)
				EditorAssembliesLoaded (0ms)
			ExecutionOrderSort2 (0ms)
			AwakeInstancesAfterBackupRestoration (2ms)
Platform modules already initialized, skipping
Switching build target platform(2) subTarget(0) extendedPlatform(0) -> platform(13) subTarget(524288) extendedPlatform(0)
Shader 'Oculus/OVRMRCameraFrameLit': fallback shader 'Alpha-Diffuse' not found
Refreshing native plugins compatible for Editor in 1.17 ms, found 5 plugins.
Preloading 1 native plugins for Editor in 0.70 ms.
Unloading 2832 Unused Serialized files (Serialized files now loaded: 0)
System memory in use before: 145.0 MB.
System memory in use after: 144.6 MB.

Unloading 59 unused Assets to reduce memory usage. Loaded Objects now: 3383.
Total: 3.648465 ms (FindLiveObjects: 0.244328 ms CreateObjectMapping: 0.099628 ms MarkObjects: 2.885913 ms  DeleteObjects: 0.417411 ms)

AssetImportParameters requested are different than current active one (requested -> active):
  custom:video-decoder-ogg-theora: a1e56fd34408186e4bbccfd4996cb3dc -> 
  custom:container-muxer-webm: aa71ff27fc2769a1b78a27578f13a17b -> 
  custom:container-demuxer-webm: 4f35f7cbe854078d1ac9338744f61a02 -> 
  custom:container-demuxer-ogg: 62fdf1f143b41e24485cea50d1cbac27 -> 
  custom:video-encoder-webm-vp8: eb34c28f22e8b96e1ab97ce403110664 -> 
  custom:framework-osx-AVFoundation: e770b220cccbd017edd2c1fefb359320 -> 
  custom:video-decoder-webm-vp8: 9c59270c3fd7afecdb556c50c9e8de78 -> 
  custom:graphics/normal-map-encoding: 01000000000000000000000000000000 -> 02000000000000000000000000000000
  custom:audio-decoder-ogg-vorbis: bf7c407c2cedff20999df2af8eb42d56 -> 
  custom:audio-encoder-webm-vorbis: bf7c407c2cedff20999df2af8eb42d56 -> 
========================================================================
Received Import Request.
  Time since last request: 927.476391 seconds.
  path: Assets/Scripts
  artifactKey: Guid(d50f75b67dd4b4e21bfccef726a3a1fc) Importer(815301076,1909f56bfc062723c751e8b465ee728b)
Start importing Assets/Scripts using Guid(d50f75b67dd4b4e21bfccef726a3a1fc) Importer(815301076,1909f56bfc062723c751e8b465ee728b)  -> (artifact id: '25df6ba99b00395b0110c5a4c386116b') in 0.005791 seconds 
========================================================================
Received Prepare
Registering precompiled user dll's ...
Registered in 0.002684 seconds.
Begin MonoManager ReloadAssembly
Native extension for WindowsStandalone target not found
Native extension for OSXStandalone target not found
Refreshing native plugins compatible for Editor in 0.94 ms, found 5 plugins.
Preloading 1 native plugins for Editor in 0.68 ms.
2023-05-17 16:58:26.193 Unity[10164:348032] NSEventModifierFlagFunction specified to -setKeyEquivalentModifierMask: for item <NSMenuItem: 0x7fdc38c88770 Font Asset, ke='Command-F12'>, but is only supported for system-provided menu items; will not be used
Mono: successfully reloaded assembly
Exception thrown while invoking [DidReloadScripts] method 'Meta.WitAi.Windows.WitConfigurationEditor:OnScriptsReloaded ()' : NullReferenceException: Object reference not set to an instance of an object
  at Meta.WitAi.Data.Configuration.WitConfigurationUtility.ReloadConfigurationData () [0x00029] in /Users/sofia/Desktop/quest-burbujas/burbujitas/Assets/Oculus/Voice/Lib/Wit.ai/Scripts/Editor/Data/Configuration/WitConfigurationUtility.cs:82 
  at Meta.WitAi.Data.Configuration.WitConfigurationUtility.get_WitConfigs () [0x00007] in /Users/sofia/Desktop/quest-burbujas/burbujitas/Assets/Oculus/Voice/Lib/Wit.ai/Scripts/Editor/Data/Configuration/WitConfigurationUtility.cs:37 
  at Meta.WitAi.Windows.WitConfigurationEditor.OnScriptsReloaded () [0x00000] in /Users/sofia/Desktop/quest-burbujas/burbujitas/Assets/Oculus/Voice/Lib/Wit.ai/Scripts/Editor/Data/Configuration/WitConfigurationEditor.cs:563 

(Filename: Assets/Oculus/Voice/Lib/Wit.ai/Scripts/Editor/Data/Configuration/WitConfigurationUtility.cs Line: 82)

- Completed reload, in  1.479 seconds
Domain Reload Profiling:
	ReloadAssembly (1479ms)
		BeginReloadAssembly (167ms)
			ExecutionOrderSort (0ms)
			DisableScriptedObjects (5ms)
			BackupInstance (0ms)
			ReleaseScriptingObjects (0ms)
			CreateAndSetChildDomain (95ms)
		EndReloadAssembly (1235ms)
			LoadAssemblies (102ms)
			RebuildTransferFunctionScriptingTraits (0ms)
			SetupTypeCache (483ms)
			ReleaseScriptCaches (1ms)
			RebuildScriptCaches (55ms)
			SetupLoadedEditorAssemblies (446ms)
				LogAssemblyErrors (0ms)
				InitializePlatformSupportModulesInManaged (6ms)
				SetLoadedEditorAssemblies (1ms)
				RefreshPlugins (2ms)
				BeforeProcessingInitializeOnLoad (130ms)
				ProcessInitializeOnLoadAttributes (295ms)
				ProcessInitializeOnLoadMethodAttributes (10ms)
				AfterProcessingInitializeOnLoad (3ms)
				EditorAssembliesLoaded (0ms)
			ExecutionOrderSort2 (0ms)
			AwakeInstancesAfterBackupRestoration (3ms)
Platform modules already initialized, skipping
Switching build target platform(2) subTarget(0) extendedPlatform(0) -> platform(13) subTarget(524288) extendedPlatform(0)
Shader 'Oculus/OVRMRCameraFrameLit': fallback shader 'Alpha-Diffuse' not found
Refreshing native plugins compatible for Editor in 0.93 ms, found 5 plugins.
Preloading 1 native plugins for Editor in 0.68 ms.
Unloading 2832 Unused Serialized files (Serialized files now loaded: 0)
System memory in use before: 145.0 MB.
System memory in use after: 144.7 MB.

Unloading 58 unused Assets to reduce memory usage. Loaded Objects now: 3387.
Total: 3.692666 ms (FindLiveObjects: 0.203406 ms CreateObjectMapping: 0.087970 ms MarkObjects: 2.894166 ms  DeleteObjects: 0.505779 ms)

AssetImportParameters requested are different than current active one (requested -> active):
  custom:video-decoder-ogg-theora: a1e56fd34408186e4bbccfd4996cb3dc -> 
  custom:container-muxer-webm: aa71ff27fc2769a1b78a27578f13a17b -> 
  custom:container-demuxer-webm: 4f35f7cbe854078d1ac9338744f61a02 -> 
  custom:container-demuxer-ogg: 62fdf1f143b41e24485cea50d1cbac27 -> 
  custom:video-encoder-webm-vp8: eb34c28f22e8b96e1ab97ce403110664 -> 
  custom:framework-osx-AVFoundation: e770b220cccbd017edd2c1fefb359320 -> 
  custom:video-decoder-webm-vp8: 9c59270c3fd7afecdb556c50c9e8de78 -> 
  custom:graphics/normal-map-encoding: 01000000000000000000000000000000 -> 02000000000000000000000000000000
  custom:audio-decoder-ogg-vorbis: bf7c407c2cedff20999df2af8eb42d56 -> 
  custom:audio-encoder-webm-vorbis: bf7c407c2cedff20999df2af8eb42d56 -> 
